Flutter crash report.
Please report a bug at https://github.com/flutter/flutter/issues.

## command

flutter run --machine --target lib\main.dart -d SWMZWCTOEMZPAY6H --dart-define=flutter.inspector.structuredErrors=true --start-paused --web-server-debug-protocol ws --web-server-debug-backend-protocol ws --web-allow-expose-url

## exception

FileSystemException: FileSystemException: Cannot delete file, path = 'C:\Users\baili\OneDrive\Documents\Mobile App\myflutter_app\.flutter-plugins-dependencies' (OS Error: Access is denied.
, errno = 5)

```
#0      _File.throwIfError (dart:io/file_impl.dart:635:7)
#1      _File._deleteSync (dart:io/file_impl.dart:298:5)
#2      FileSystemEntity.deleteSync (dart:io/file_system_entity.dart:455:47)
#3      ForwardingFileSystemEntity.deleteSync (package:file/src/forwarding/forwarding_file_system_entity.dart:72:16)
#4      _writeFlutterPluginsList (package:flutter_tools/src/plugins.dart:435:19)
#5      refreshPluginsList (package:flutter_tools/src/plugins.dart:1142:24)
<asynchronous suspension>
#6      FlutterProject.ensureReadyForPlatformSpecificTooling (package:flutter_tools/src/project.dart:242:11)
#7      FlutterCommand.verifyThenRunCommand (package:flutter_tools/src/runner/flutter_command.dart:960:21)
<asynchronous suspension>
#8      FlutterCommand.run.<anonymous closure> (package:flutter_tools/src/runner/flutter_command.dart:836:33)
<asynchronous suspension>
#9      FlutterCommand.run.<anonymous closure> (package:flutter_tools/src/runner/flutter_command.dart)
#10     AppContext.run.<anonymous closure> (package:flutter_tools/src/base/context.dart:150:29)
#11     _rootRun (dart:async/zone.dart:1190:13)
#12     _CustomZone.run (dart:async/zone.dart:1093:19)
#13     _runZoned (dart:async/zone.dart:1630:10)
#14     runZoned (dart:async/zone.dart:1550:10)
#15     AppContext.run (package:flutter_tools/src/base/context.dart:149:18)
#16     FlutterCommand.run (package:flutter_tools/src/runner/flutter_command.dart:825:20)
#17     CommandRunner.runCommand (package:args/command_runner.dart:197:27)
#18     FlutterCommandRunner.runCommand.<anonymous closure> (package:flutter_tools/src/runner/flutter_command_runner.dart:335:21)
<asynchronous suspension>
#19     FlutterCommandRunner.runCommand.<anonymous closure> (package:flutter_tools/src/runner/flutter_command_runner.dart)
#20     AppContext.run.<anonymous closure> (package:flutter_tools/src/base/context.dart:150:29)
#21     _rootRun (dart:async/zone.dart:1190:13)
#22     _CustomZone.run (dart:async/zone.dart:1093:19)
#23     _runZoned (dart:async/zone.dart:1630:10)
#24     runZoned (dart:async/zone.dart:1550:10)
#25     AppContext.run (package:flutter_tools/src/base/context.dart:149:18)
#26     FlutterCommandRunner.runCommand (package:flutter_tools/src/runner/flutter_command_runner.dart:281:19)
<asynchronous suspension>
#27     CommandRunner.run.<anonymous closure> (package:args/command_runner.dart:112:25)
#28     new Future.sync (dart:async/future.dart:223:31)
#29     CommandRunner.run (package:args/command_runner.dart:112:14)
#30     FlutterCommandRunner.run (package:flutter_tools/src/runner/flutter_command_runner.dart:230:18)
#31     run.<anonymous closure>.<anonymous closure> (package:flutter_tools/runner.dart:63:22)
#32     _rootRun (dart:async/zone.dart:1190:13)
#33     _CustomZone.run (dart:async/zone.dart:1093:19)
#34     _runZoned (dart:async/zone.dart:1630:10)
#35     runZonedGuarded (dart:async/zone.dart:1618:12)
#36     runZoned (dart:async/zone.dart:1547:12)
#37     run.<anonymous closure> (package:flutter_tools/runner.dart:61:18)
<asynchronous suspension>
#38     run.<anonymous closure> (package:flutter_tools/runner.dart)
#39     runInContext.runnerWrapper (package:flutter_tools/src/context_runner.dart:67:18)
<asynchronous suspension>
#40     runInContext.runnerWrapper (package:flutter_tools/src/context_runner.dart)
#41     AppContext.run.<anonymous closure> (package:flutter_tools/src/base/context.dart:150:29)
#42     _rootRun (dart:async/zone.dart:1190:13)
#43     _CustomZone.run (dart:async/zone.dart:1093:19)
#44     _runZoned (dart:async/zone.dart:1630:10)
#45     runZoned (dart:async/zone.dart:1550:10)
#46     AppContext.run (package:flutter_tools/src/base/context.dart:149:18)
#47     runInContext (package:flutter_tools/src/context_runner.dart:70:24)
#48     run (package:flutter_tools/runner.dart:46:10)
#49     main (package:flutter_tools/executable.dart:77:9)
#50     main (file:///C:/b/s/w/ir/k/archive/flutter/packages/flutter_tools/bin/flutter_tools.dart:8:3)
#51     _startIsolate.<anonymous closure> (dart:isolate-patch/isolate_patch.dart:299:32)
#52     _RawReceivePortImpl._handleMessage (dart:isolate-patch/isolate_patch.dart:168:12)
```

## flutter doctor

```
[✓] Flutter (Channel stable, 1.22.2, on Microsoft Windows [Version 10.0.18363.1198], locale en-PH)
    • Flutter version 1.22.2 at C:\Users\baili\flutter
    • Framework revision 84f3d28555 (7 weeks ago), 2020-10-15 16:26:19 -0700
    • Engine revision b8752bbfff
    • Dart version 2.10.2

[!] Android toolchain - develop for Android devices (Android SDK version 30.0.2)
    • Android SDK at C:\Users\baili\.android\studio\installer
    • Platform android-30, build-tools 30.0.2
    • ANDROID_HOME = C:\Program Files\Android
    • Java binary at: C:\Program Files\Android\Android Studio\jre\bin\java
    • Java version OpenJDK Runtime Environment (build 1.8.0_242-release-1644-b01)
    ✗ Android license status unknown.
      Run `flutter doctor --android-licenses` to accept the SDK licenses.
      See https://flutter.dev/docs/get-started/install/windows#android-setup for more details.

[!] Android Studio (version 4.1.0)
    • Android Studio at C:\Program Files\Android\Android Studio
    ✗ Flutter plugin not installed; this adds Flutter specific functionality.
    ✗ Dart plugin not installed; this adds Dart specific functionality.
    • Java version OpenJDK Runtime Environment (build 1.8.0_242-release-1644-b01)

[✓] VS Code (version 1.51.1)
    • VS Code at C:\Users\baili\AppData\Local\Programs\Microsoft VS Code
    • Flutter extension version 3.17.0

[✓] Connected device (1 available)
    • CPH1909 (mobile) • SWMZWCTOEMZPAY6H • android-arm64 • Android 8.1.0 (API 27)

! Doctor found issues in 2 categories.
```
